foodapp/app/build/intermediates/manifest_merge_blame_file/debug/processDebugMainManifest/manifest-merger-blame-debug-report.txt
1<?xml version="1.0" encoding="utf-8"?>
2<manifest xmlns:android="http://schemas.android.com/apk/res/android"
3    package="com.example.foodapp"
4    android:versionCode="1"
5    android:versionName="1.0" >
6
7    <uses-sdk
8        android:minSdkVersion="24"
9        android:targetSdkVersion="34" />
10
11    <uses-permission android:name="android.permission.INTERNET" />
11-->src\main\AndroidManifest.xml:5:5-67
11-->src\main\AndroidManifest.xml:5:22-64
12    <uses-permission android:name="android.permission.ACCESS_NETWORK_STATE" />
12-->[com.google.firebase:firebase-auth:23.1.0] AndroidManifest.xml:26:5-79
12-->[com.google.firebase:firebase-auth:23.1.0] AndroidManifest.xml:26:22-76
13    <uses-permission android:name="android.permission.WAKE_LOCK" />
13-->[com.google.android.gms:play-services-measurement:22.1.2] AndroidManifest.xml:25:5-68
13-->[com.google.android.gms:play-services-measurement:22.1.2] AndroidManifest.xml:25:22-65
14    <uses-permission android:name="com.google.android.finsky.permission.BIND_GET_INSTALL_REFERRER_SERVICE" />
14-->[com.google.android.gms:play-services-measurement:22.1.2] AndroidManifest.xml:26:5-110
14-->[com.google.android.gms:play-services-measurement:22.1.2] AndroidManifest.xml:26:22-107
15    <uses-permission android:name="com.google.android.gms.permission.AD_ID" />
15-->[com.google.android.gms:play-services-measurement-api:22.1.2] AndroidManifest.xml:25:5-79
15-->[com.google.android.gms:play-services-measurement-api:22.1.2] AndroidManifest.xml:25:22-76
16    <uses-permission android:name="android.permission.ACCESS_ADSERVICES_ATTRIBUTION" />
16-->[com.google.android.gms:play-services-measurement-api:22.1.2] AndroidManifest.xml:26:5-88
16-->[com.google.android.gms:play-services-measurement-api:22.1.2] AndroidManifest.xml:26:22-85
17    <uses-permission android:name="android.permission.ACCESS_ADSERVICES_AD_ID" />
17-->[com.google.android.gms:play-services-measurement-api:22.1.2] AndroidManifest.xml:27:5-82
17-->[com.google.android.gms:play-services-measurement-api:22.1.2] AndroidManifest.xml:27:22-79
18    <uses-permission android:name="com.google.android.providers.gsf.permission.READ_GSERVICES" />
18-->[com.google.android.recaptcha:recaptcha:18.5.1] AndroidManifest.xml:9:5-98
18-->[com.google.android.recaptcha:recaptcha:18.5.1] AndroidManifest.xml:9:22-95
19
20    <permission
20-->[androidx.core:core:1.13.0] AndroidManifest.xml:22:5-24:47
21        android:name="com.example.foodapp.DYNAMIC_RECEIVER_NOT_EXPORTED_PERMISSION"
21-->[androidx.core:core:1.13.0] AndroidManifest.xml:23:9-81
22        android:protectionLevel="signature" />
22-->[androidx.core:core:1.13.0] AndroidManifest.xml:24:9-44
23
24    <uses-permission android:name="com.example.foodapp.DYNAMIC_RECEIVER_NOT_EXPORTED_PERMISSION" />
24-->[androidx.core:core:1.13.0] AndroidManifest.xml:26:5-97
24-->[androidx.core:core:1.13.0] AndroidManifest.xml:26:22-94
25
26    <application
26-->src\main\AndroidManifest.xml:7:5-44:19
27        android:allowBackup="true"
27-->src\main\AndroidManifest.xml:8:9-35
28        android:appComponentFactory="androidx.core.app.CoreComponentFactory"
28-->[androidx.core:core:1.13.0] AndroidManifest.xml:28:18-86
29        android:dataExtractionRules="@xml/data_extraction_rules"
29-->src\main\AndroidManifest.xml:10:9-65
30        android:debuggable="true"
31        android:extractNativeLibs="false"
32        android:fullBackupContent="@xml/backup_rules"
32-->src\main\AndroidManifest.xml:11:9-54
33        android:icon="@mipmap/ic_launcher"
33-->src\main\AndroidManifest.xml:12:9-43
34        android:label="@string/app_name"
34-->src\main\AndroidManifest.xml:13:9-41
35        android:networkSecurityConfig="@xml/network_security_config"
35-->src\main\AndroidManifest.xml:9:9-69
36        android:roundIcon="@mipmap/ic_launcher_round"
36-->src\main\AndroidManifest.xml:14:9-54
37        android:supportsRtl="true"
37-->src\main\AndroidManifest.xml:15:9-35
38        android:testOnly="true"
39        android:theme="@style/Theme.FoodApp" >
39-->src\main\AndroidManifest.xml:16:9-45
40        <provider
40-->src\main\AndroidManifest.xml:19:9-27:20
41            android:name="androidx.core.content.FileProvider"
41-->src\main\AndroidManifest.xml:20:13-62
42            android:authorities="com.example.foodapp.provider"
42-->src\main\AndroidManifest.xml:21:13-63
43            android:exported="false"
43-->src\main\AndroidManifest.xml:22:13-37
44            android:grantUriPermissions="true" >
44-->src\main\AndroidManifest.xml:23:13-47
45            <meta-data
45-->src\main\AndroidManifest.xml:24:13-26:54
46                android:name="android.support.FILE_PROVIDER_PATHS"
46-->src\main\AndroidManifest.xml:25:17-67
47                android:resource="@xml/file_paths" />
47-->src\main\AndroidManifest.xml:26:17-51
48        </provider>
49
50        <!-- Activities -->
51        <activity
51-->src\main\AndroidManifest.xml:30:9-32:40
52            android:name="com.example.foodapp.FoodActivity"
52-->src\main\AndroidManifest.xml:31:13-41
53            android:exported="false" />
53-->src\main\AndroidManifest.xml:32:13-37
54        <activity
54-->src\main\AndroidManifest.xml:33:9-35:40
55            android:name="com.example.foodapp.Food"
55-->src\main\AndroidManifest.xml:34:13-33
56            android:exported="false" />
56-->src\main\AndroidManifest.xml:35:13-37
57        <activity
57-->src\main\AndroidManifest.xml:36:9-43:20
58            android:name="com.example.foodapp.MainActivity"
58-->src\main\AndroidManifest.xml:37:13-41
59            android:exported="true" >
59-->src\main\AndroidManifest.xml:38:13-36
60            <intent-filter>
60-->src\main\AndroidManifest.xml:39:13-42:29
61                <action android:name="android.intent.action.MAIN" />
61-->src\main\AndroidManifest.xml:40:17-69
61-->src\main\AndroidManifest.xml:40:25-66
62
63                <category android:name="android.intent.category.LAUNCHER" />
63-->src\main\AndroidManifest.xml:41:17-77
63-->src\main\AndroidManifest.xml:41:27-74
64            </intent-filter>
65        </activity>
66        <activity
66-->[com.google.firebase:firebase-auth:23.1.0] AndroidManifest.xml:29:9-46:20
67            android:name="com.google.firebase.auth.internal.GenericIdpActivity"
67-->[com.google.firebase:firebase-auth:23.1.0] AndroidManifest.xml:30:13-80
68            android:excludeFromRecents="true"
68-->[com.google.firebase:firebase-auth:23.1.0] AndroidManifest.xml:31:13-46
69            android:exported="true"
69-->[com.google.firebase:firebase-auth:23.1.0] AndroidManifest.xml:32:13-36
70            android:launchMode="singleTask"
70-->[com.google.firebase:firebase-auth:23.1.0] AndroidManifest.xml:33:13-44
71            android:theme="@android:style/Theme.Translucent.NoTitleBar" >
71-->[com.google.firebase:firebase-auth:23.1.0] AndroidManifest.xml:34:13-72
72            <intent-filter>
72-->[com.google.firebase:firebase-auth:23.1.0] AndroidManifest.xml:35:13-45:29
73                <action android:name="android.intent.action.VIEW" />
73-->[com.google.firebase:firebase-auth:23.1.0] AndroidManifest.xml:36:17-69
73-->[com.google.firebase:firebase-auth:23.1.0] AndroidManifest.xml:36:25-66
74
75                <category android:name="android.intent.category.DEFAULT" />
75-->[com.google.firebase:firebase-auth:23.1.0] AndroidManifest.xml:38:17-76
75-->[com.google.firebase:firebase-auth:23.1.0] AndroidManifest.xml:38:27-73
76                <category android:name="android.intent.category.BROWSABLE" />
76-->[com.google.firebase:firebase-auth:23.1.0] AndroidManifest.xml:39:17-78
76-->[com.google.firebase:firebase-auth:23.1.0] AndroidManifest.xml:39:27-75
77
78                <data
78-->[com.google.firebase:firebase-auth:23.1.0] AndroidManifest.xml:41:17-44:51
79                    android:host="firebase.auth"
79-->[com.google.firebase:firebase-auth:23.1.0] AndroidManifest.xml:42:21-49
80                    android:path="/"
80-->[com.google.firebase:firebase-auth:23.1.0] AndroidManifest.xml:43:21-37
81                    android:scheme="genericidp" />
81-->[com.google.firebase:firebase-auth:23.1.0] AndroidManifest.xml:44:21-48
82            </intent-filter>
83        </activity>
84        <activity
84-->[com.google.firebase:firebase-auth:23.1.0] AndroidManifest.xml:47:9-64:20
85            android:name="com.google.firebase.auth.internal.RecaptchaActivity"
85-->[com.google.firebase:firebase-auth:23.1.0] AndroidManifest.xml:48:13-79
86            android:excludeFromRecents="true"
86-->[com.google.firebase:firebase-auth:23.1.0] AndroidManifest.xml:49:13-46
87            android:exported="true"
87-->[com.google.firebase:firebase-auth:23.1.0] AndroidManifest.xml:50:13-36
88            android:launchMode="singleTask"
88-->[com.google.firebase:firebase-auth:23.1.0] AndroidManifest.xml:51:13-44
89            android:theme="@android:style/Theme.Translucent.NoTitleBar" >
89-->[com.google.firebase:firebase-auth:23.1.0] AndroidManifest.xml:52:13-72
90            <intent-filter>
90-->[com.google.firebase:firebase-auth:23.1.0] AndroidManifest.xml:53:13-63:29
91                <action android:name="android.intent.action.VIEW" />
91-->[com.google.firebase:firebase-auth:23.1.0] AndroidManifest.xml:36:17-69
91-->[com.google.firebase:firebase-auth:23.1.0] AndroidManifest.xml:36:25-66
92
93                <category android:name="android.intent.category.DEFAULT" />
93-->[com.google.firebase:firebase-auth:23.1.0] AndroidManifest.xml:38:17-76
93-->[com.google.firebase:firebase-auth:23.1.0] AndroidManifest.xml:38:27-73
94                <category android:name="android.intent.category.BROWSABLE" />
94-->[com.google.firebase:firebase-auth:23.1.0] AndroidManifest.xml:39:17-78
94-->[com.google.firebase:firebase-auth:23.1.0] AndroidManifest.xml:39:27-75
95
96                <data
96-->[com.google.firebase:firebase-auth:23.1.0] AndroidManifest.xml:41:17-44:51
97                    android:host="firebase.auth"
97-->[com.google.firebase:firebase-auth:23.1.0] AndroidManifest.xml:42:21-49
98                    android:path="/"
98-->[com.google.firebase:firebase-auth:23.1.0] AndroidManifest.xml:43:21-37
99                    android:scheme="recaptcha" />
99-->[com.google.firebase:firebase-auth:23.1.0] AndroidManifest.xml:44:21-48
100            </intent-filter>
101        </activity>
102
103        <service
103-->[com.google.firebase:firebase-auth:23.1.0] AndroidManifest.xml:66:9-72:19
104            android:name="com.google.firebase.components.ComponentDiscoveryService"
104-->[com.google.firebase:firebase-auth:23.1.0] AndroidManifest.xml:67:13-84
105            android:directBootAware="true"
105-->[com.google.firebase:firebase-common:21.0.0] AndroidManifest.xml:32:13-43
106            android:exported="false" >
106-->[com.google.firebase:firebase-auth:23.1.0] AndroidManifest.xml:68:13-37
107            <meta-data
107-->[com.google.firebase:firebase-auth:23.1.0] AndroidManifest.xml:69:13-71:85
108                android:name="com.google.firebase.components:com.google.firebase.auth.FirebaseAuthRegistrar"
108-->[com.google.firebase:firebase-auth:23.1.0] AndroidManifest.xml:70:17-109
109                android:value="com.google.firebase.components.ComponentRegistrar" />
109-->[com.google.firebase:firebase-auth:23.1.0] AndroidManifest.xml:71:17-82
110            <meta-data
110-->[com.google.firebase:firebase-database:21.0.0] AndroidManifest.xml:29:13-31:85
111                android:name="com.google.firebase.components:com.google.firebase.database.FirebaseDatabaseKtxRegistrar"
111-->[com.google.firebase:firebase-database:21.0.0] AndroidManifest.xml:30:17-120
112                android:value="com.google.firebase.components.ComponentRegistrar" />
112-->[com.google.firebase:firebase-database:21.0.0] AndroidManifest.xml:31:17-82
113            <meta-data
113-->[com.google.firebase:firebase-database:21.0.0] AndroidManifest.xml:32:13-34:85
114                android:name="com.google.firebase.components:com.google.firebase.database.DatabaseRegistrar"
114-->[com.google.firebase:firebase-database:21.0.0] AndroidManifest.xml:33:17-109
115                android:value="com.google.firebase.components.ComponentRegistrar" />
115-->[com.google.firebase:firebase-database:21.0.0] AndroidManifest.xml:34:17-82
116            <meta-data
116-->[com.google.android.gms:play-services-measurement-api:22.1.2] AndroidManifest.xml:37:13-39:85
117                android:name="com.google.firebase.components:com.google.firebase.analytics.connector.internal.AnalyticsConnectorRegistrar"
117-->[com.google.android.gms:play-services-measurement-api:22.1.2] AndroidManifest.xml:38:17-139
118                android:value="com.google.firebase.components.ComponentRegistrar" />
118-->[com.google.android.gms:play-services-measurement-api:22.1.2] AndroidManifest.xml:39:17-82
119            <meta-data
119-->[com.google.firebase:firebase-installations:18.0.0] AndroidManifest.xml:15:13-17:85
120                android:name="com.google.firebase.components:com.google.firebase.installations.FirebaseInstallationsKtxRegistrar"
120-->[com.google.firebase:firebase-installations:18.0.0] AndroidManifest.xml:16:17-130
121                android:value="com.google.firebase.components.ComponentRegistrar" />
121-->[com.google.firebase:firebase-installations:18.0.0] AndroidManifest.xml:17:17-82
122            <meta-data
122-->[com.google.firebase:firebase-installations:18.0.0] AndroidManifest.xml:18:13-20:85
123                android:name="com.google.firebase.components:com.google.firebase.installations.FirebaseInstallationsRegistrar"
123-->[com.google.firebase:firebase-installations:18.0.0] AndroidManifest.xml:19:17-127
124                android:value="com.google.firebase.components.ComponentRegistrar" />
124-->[com.google.firebase:firebase-installations:18.0.0] AndroidManifest.xml:20:17-82
125            <meta-data
125-->[com.google.firebase:firebase-common-ktx:21.0.0] AndroidManifest.xml:12:13-14:85
126                android:name="com.google.firebase.components:com.google.firebase.ktx.FirebaseCommonLegacyRegistrar"
126-->[com.google.firebase:firebase-common-ktx:21.0.0] AndroidManifest.xml:13:17-116
127                android:value="com.google.firebase.components.ComponentRegistrar" />
127-->[com.google.firebase:firebase-common-ktx:21.0.0] AndroidManifest.xml:14:17-82
128            <meta-data
128-->[com.google.firebase:firebase-common:21.0.0] AndroidManifest.xml:35:13-37:85
129                android:name="com.google.firebase.components:com.google.firebase.FirebaseCommonKtxRegistrar"
129-->[com.google.firebase:firebase-common:21.0.0] AndroidManifest.xml:36:17-109
130                android:value="com.google.firebase.components.ComponentRegistrar" />
130-->[com.google.firebase:firebase-common:21.0.0] AndroidManifest.xml:37:17-82
131        </service>
132
133        <receiver
133-->[com.google.android.gms:play-services-measurement:22.1.2] AndroidManifest.xml:29:9-33:20
134            android:name="com.google.android.gms.measurement.AppMeasurementReceiver"
134-->[com.google.android.gms:play-services-measurement:22.1.2] AndroidManifest.xml:30:13-85
135            android:enabled="true"
135-->[com.google.android.gms:play-services-measurement:22.1.2] AndroidManifest.xml:31:13-35
136            android:exported="false" >
136-->[com.google.android.gms:play-services-measurement:22.1.2] AndroidManifest.xml:32:13-37
137        </receiver>
138
139        <service
139-->[com.google.android.gms:play-services-measurement:22.1.2] AndroidManifest.xml:35:9-38:40
140            android:name="com.google.android.gms.measurement.AppMeasurementService"
140-->[com.google.android.gms:play-services-measurement:22.1.2] AndroidManifest.xml:36:13-84
141            android:enabled="true"
141-->[com.google.android.gms:play-services-measurement:22.1.2] AndroidManifest.xml:37:13-35
142            android:exported="false" />
142-->[com.google.android.gms:play-services-measurement:22.1.2] AndroidManifest.xml:38:13-37
143        <service
143-->[com.google.android.gms:play-services-measurement:22.1.2] AndroidManifest.xml:39:9-43:72
144            android:name="com.google.android.gms.measurement.AppMeasurementJobService"
144-->[com.google.android.gms:play-services-measurement:22.1.2] AndroidManifest.xml:40:13-87
145            android:enabled="true"
145-->[com.google.android.gms:play-services-measurement:22.1.2] AndroidManifest.xml:41:13-35
146            android:exported="false"
146-->[com.google.android.gms:play-services-measurement:22.1.2] AndroidManifest.xml:42:13-37
147            android:permission="android.permission.BIND_JOB_SERVICE" />
147-->[com.google.android.gms:play-services-measurement:22.1.2] AndroidManifest.xml:43:13-69
148
149        <property
149-->[com.google.android.gms:play-services-measurement-api:22.1.2] AndroidManifest.xml:30:9-32:61
150            android:name="android.adservices.AD_SERVICES_CONFIG"
150-->[com.google.android.gms:play-services-measurement-api:22.1.2] AndroidManifest.xml:31:13-65
151            android:resource="@xml/ga_ad_services_config" />
151-->[com.google.android.gms:play-services-measurement-api:22.1.2] AndroidManifest.xml:32:13-58
152
153        <service
153-->[androidx.credentials:credentials-play-services-auth:1.2.0-rc01] AndroidManifest.xml:24:9-32:19
154            android:name="androidx.credentials.playservices.CredentialProviderMetadataHolder"
154-->[androidx.credentials:credentials-play-services-auth:1.2.0-rc01] AndroidManifest.xml:25:13-94
155            android:enabled="true"
155-->[androidx.credentials:credentials-play-services-auth:1.2.0-rc01] AndroidManifest.xml:26:13-35
156            android:exported="false" >
156-->[androidx.credentials:credentials-play-services-auth:1.2.0-rc01] AndroidManifest.xml:27:13-37
157            <meta-data
157-->[androidx.credentials:credentials-play-services-auth:1.2.0-rc01] AndroidManifest.xml:29:13-31:104
158                android:name="androidx.credentials.CREDENTIAL_PROVIDER_KEY"
158-->[androidx.credentials:credentials-play-services-auth:1.2.0-rc01] AndroidManifest.xml:30:17-76
159                android:value="androidx.credentials.playservices.CredentialProviderPlayServicesImpl" />
159-->[androidx.credentials:credentials-play-services-auth:1.2.0-rc01] AndroidManifest.xml:31:17-101
160        </service>
161
162        <activity
162-->[androidx.credentials:credentials-play-services-auth:1.2.0-rc01] AndroidManifest.xml:34:9-41:20
163            android:name="androidx.credentials.playservices.HiddenActivity"
163-->[androidx.credentials:credentials-play-services-auth:1.2.0-rc01] AndroidManifest.xml:35:13-76
164            android:configChanges="orientation|screenSize|screenLayout|keyboardHidden"
164-->[androidx.credentials:credentials-play-services-auth:1.2.0-rc01] AndroidManifest.xml:36:13-87
165            android:enabled="true"
165-->[androidx.credentials:credentials-play-services-auth:1.2.0-rc01] AndroidManifest.xml:37:13-35
166            android:exported="false"
166-->[androidx.credentials:credentials-play-services-auth:1.2.0-rc01] AndroidManifest.xml:38:13-37
167            android:fitsSystemWindows="true"
167-->[androidx.credentials:credentials-play-services-auth:1.2.0-rc01] AndroidManifest.xml:39:13-45
168            android:theme="@style/Theme.Hidden" >
168-->[androidx.credentials:credentials-play-services-auth:1.2.0-rc01] AndroidManifest.xml:40:13-48
169        </activity>
170        <activity
170-->[com.google.android.gms:play-services-auth:20.7.0] AndroidManifest.xml:23:9-27:75
171            android:name="com.google.android.gms.auth.api.signin.internal.SignInHubActivity"
171-->[com.google.android.gms:play-services-auth:20.7.0] AndroidManifest.xml:24:13-93
172            android:excludeFromRecents="true"
172-->[com.google.android.gms:play-services-auth:20.7.0] AndroidManifest.xml:25:13-46
173            android:exported="false"
173-->[com.google.android.gms:play-services-auth:20.7.0] AndroidManifest.xml:26:13-37
174            android:theme="@android:style/Theme.Translucent.NoTitleBar" />
174-->[com.google.android.gms:play-services-auth:20.7.0] AndroidManifest.xml:27:13-72
175        <!--
176            Service handling Google Sign-In user revocation. For apps that do not integrate with
177            Google Sign-In, this service will never be started.
178        -->
179        <service
179-->[com.google.android.gms:play-services-auth:20.7.0] AndroidManifest.xml:33:9-37:51
180            android:name="com.google.android.gms.auth.api.signin.RevocationBoundService"
180-->[com.google.android.gms:play-services-auth:20.7.0] AndroidManifest.xml:34:13-89
181            android:exported="true"
181-->[com.google.android.gms:play-services-auth:20.7.0] AndroidManifest.xml:35:13-36
182            android:permission="com.google.android.gms.auth.api.signin.permission.REVOCATION_NOTIFICATION"
182-->[com.google.android.gms:play-services-auth:20.7.0] AndroidManifest.xml:36:13-107
183            android:visibleToInstantApps="true" />
183-->[com.google.android.gms:play-services-auth:20.7.0] AndroidManifest.xml:37:13-48
184
185        <provider
185-->[com.google.firebase:firebase-common:21.0.0] AndroidManifest.xml:23:9-28:39
186            android:name="com.google.firebase.provider.FirebaseInitProvider"
186-->[com.google.firebase:firebase-common:21.0.0] AndroidManifest.xml:24:13-77
187            android:authorities="com.example.foodapp.firebaseinitprovider"
187-->[com.google.firebase:firebase-common:21.0.0] AndroidManifest.xml:25:13-72
188            android:directBootAware="true"
188-->[com.google.firebase:firebase-common:21.0.0] AndroidManifest.xml:26:13-43
189            android:exported="false"
189-->[com.google.firebase:firebase-common:21.0.0] AndroidManifest.xml:27:13-37
190            android:initOrder="100" />
190-->[com.google.firebase:firebase-common:21.0.0] AndroidManifest.xml:28:13-36
191
192        <uses-library
192-->[androidx.privacysandbox.ads:ads-adservices:1.0.0-beta05] AndroidManifest.xml:23:9-25:40
193            android:name="android.ext.adservices"
193-->[androidx.privacysandbox.ads:ads-adservices:1.0.0-beta05] AndroidManifest.xml:24:13-50
194            android:required="false" />
194-->[androidx.privacysandbox.ads:ads-adservices:1.0.0-beta05] AndroidManifest.xml:25:13-37
195
196        <provider
196-->[androidx.emoji2:emoji2:1.3.0] AndroidManifest.xml:24:9-32:20
197            android:name="androidx.startup.InitializationProvider"
197-->[androidx.emoji2:emoji2:1.3.0] AndroidManifest.xml:25:13-67
198            android:authorities="com.example.foodapp.androidx-startup"
198-->[androidx.emoji2:emoji2:1.3.0] AndroidManifest.xml:26:13-68
199            android:exported="false" >
199-->[androidx.emoji2:emoji2:1.3.0] AndroidManifest.xml:27:13-37
200            <meta-data
200-->[androidx.emoji2:emoji2:1.3.0] AndroidManifest.xml:29:13-31:52
201                android:name="androidx.emoji2.text.EmojiCompatInitializer"
201-->[androidx.emoji2:emoji2:1.3.0] AndroidManifest.xml:30:17-75
202                android:value="androidx.startup" />
202-->[androidx.emoji2:emoji2:1.3.0] AndroidManifest.xml:31:17-49
203            <meta-data
203-->[androidx.lifecycle:lifecycle-process:2.6.2] AndroidManifest.xml:29:13-31:52
204                android:name="androidx.lifecycle.ProcessLifecycleInitializer"
204-->[androidx.lifecycle:lifecycle-process:2.6.2] AndroidManifest.xml:30:17-78
205                android:value="androidx.startup" />
205-->[androidx.lifecycle:lifecycle-process:2.6.2] AndroidManifest.xml:31:17-49
206            <meta-data
206-->[androidx.profileinstaller:profileinstaller:1.4.0] AndroidManifest.xml:29:13-31:52
207                android:name="androidx.profileinstaller.ProfileInstallerInitializer"
207-->[androidx.profileinstaller:profileinstaller:1.4.0] AndroidManifest.xml:30:17-85
208                android:value="androidx.startup" />
208-->[androidx.profileinstaller:profileinstaller:1.4.0] AndroidManifest.xml:31:17-49
209        </provider>
210
211        <activity
211-->[com.google.android.gms:play-services-base:18.5.0] AndroidManifest.xml:5:9-173
212            android:name="com.google.android.gms.common.api.GoogleApiActivity"
212-->[com.google.android.gms:play-services-base:18.5.0] AndroidManifest.xml:5:19-85
213            android:exported="false"
213-->[com.google.android.gms:play-services-base:18.5.0] AndroidManifest.xml:5:146-170
214            android:theme="@android:style/Theme.Translucent.NoTitleBar" />
214-->[com.google.android.gms:play-services-base:18.5.0] AndroidManifest.xml:5:86-145
215
216        <meta-data
216-->[com.google.android.gms:play-services-basement:18.4.0] AndroidManifest.xml:6:9-122
217            android:name="com.google.android.gms.version"
217-->[com.google.android.gms:play-services-basement:18.4.0] AndroidManifest.xml:6:20-65
218            android:value="@integer/google_play_services_version" />
218-->[com.google.android.gms:play-services-basement:18.4.0] AndroidManifest.xml:6:66-119
219
220        <provider
220-->[com.squareup.picasso:picasso:2.8] AndroidManifest.xml:8:9-11:40
221            android:name="com.squareup.picasso.PicassoProvider"
221-->[com.squareup.picasso:picasso:2.8] AndroidManifest.xml:9:13-64
222            android:authorities="com.example.foodapp.com.squareup.picasso"
222-->[com.squareup.picasso:picasso:2.8] AndroidManifest.xml:10:13-72
223            android:exported="false" />
223-->[com.squareup.picasso:picasso:2.8] AndroidManifest.xml:11:13-37
224
225        <receiver
225-->[androidx.profileinstaller:profileinstaller:1.4.0] AndroidManifest.xml:34:9-52:20
226            android:name="androidx.profileinstaller.ProfileInstallReceiver"
226-->[androidx.profileinstaller:profileinstaller:1.4.0] AndroidManifest.xml:35:13-76
227            android:directBootAware="false"
227-->[androidx.profileinstaller:profileinstaller:1.4.0] AndroidManifest.xml:36:13-44
228            android:enabled="true"
228-->[androidx.profileinstaller:profileinstaller:1.4.0] AndroidManifest.xml:37:13-35
229            android:exported="true"
229-->[androidx.profileinstaller:profileinstaller:1.4.0] AndroidManifest.xml:38:13-36
230            android:permission="android.permission.DUMP" >
230-->[androidx.profileinstaller:profileinstaller:1.4.0] AndroidManifest.xml:39:13-57
231            <intent-filter>
231-->[androidx.profileinstaller:profileinstaller:1.4.0] AndroidManifest.xml:40:13-42:29
232                <action android:name="androidx.profileinstaller.action.INSTALL_PROFILE" />
232-->[androidx.profileinstaller:profileinstaller:1.4.0] AndroidManifest.xml:41:17-91
232-->[androidx.profileinstaller:profileinstaller:1.4.0] AndroidManifest.xml:41:25-88
233            </intent-filter>
234            <intent-filter>
234-->[androidx.profileinstaller:profileinstaller:1.4.0] AndroidManifest.xml:43:13-45:29
235                <action android:name="androidx.profileinstaller.action.SKIP_FILE" />
235-->[androidx.profileinstaller:profileinstaller:1.4.0] AndroidManifest.xml:44:17-85
235-->[androidx.profileinstaller:profileinstaller:1.4.0] AndroidManifest.xml:44:25-82
236            </intent-filter>
237            <intent-filter>
237-->[androidx.profileinstaller:profileinstaller:1.4.0] AndroidManifest.xml:46:13-48:29
238                <action android:name="androidx.profileinstaller.action.SAVE_PROFILE" />
238-->[androidx.profileinstaller:profileinstaller:1.4.0] AndroidManifest.xml:47:17-88
238-->[androidx.profileinstaller:profileinstaller:1.4.0] AndroidManifest.xml:47:25-85
239            </intent-filter>
240            <intent-filter>
240-->[androidx.profileinstaller:profileinstaller:1.4.0] AndroidManifest.xml:49:13-51:29
241                <action android:name="androidx.profileinstaller.action.BENCHMARK_OPERATION" />
241-->[androidx.profileinstaller:profileinstaller:1.4.0] AndroidManifest.xml:50:17-95
241-->[androidx.profileinstaller:profileinstaller:1.4.0] AndroidManifest.xml:50:25-92
242            </intent-filter>
243        </receiver> <!-- The activities will be merged into the manifest of the hosting app. -->
244        <activity
244-->[com.google.android.play:core-common:2.0.3] AndroidManifest.xml:14:9-18:65
245            android:name="com.google.android.play.core.common.PlayCoreDialogWrapperActivity"
245-->[com.google.android.play:core-common:2.0.3] AndroidManifest.xml:15:13-93
246            android:exported="false"
246-->[com.google.android.play:core-common:2.0.3] AndroidManifest.xml:16:13-37
247            android:stateNotNeeded="true"
247-->[com.google.android.play:core-common:2.0.3] AndroidManifest.xml:17:13-42
248            android:theme="@style/Theme.PlayCore.Transparent" />
248-->[com.google.android.play:core-common:2.0.3] AndroidManifest.xml:18:13-62
249    </application>
250
251</manifest>